app/build/intermediates/manifest_merge_blame_file/release/processReleaseMainManifest/manifest-merger-blame-release-report.txt
1<?xml version="1.0" encoding="utf-8"?>
2<manifest xmlns:android="http://schemas.android.com/apk/res/android"
3    package="com.haviq.richmusic"
4    android:versionCode="47"
5    android:versionName="2.0" >
6
7    <uses-sdk
8        android:minSdkVersion="24"
9        android:targetSdkVersion="36" />
10
11    <uses-permission android:name="android.permission.INTERNET" />
11-->src/main/AndroidManifest.xml:4:5-67
11-->src/main/AndroidManifest.xml:4:22-64
12    <uses-permission android:name="android.permission.RECORD_AUDIO" />
12-->src/main/AndroidManifest.xml:5:5-71
12-->src/main/AndroidManifest.xml:5:22-68
13    <uses-permission android:name="android.permission.WAKE_LOCK" />
13-->src/main/AndroidManifest.xml:6:5-68
13-->src/main/AndroidManifest.xml:6:22-65
14    <uses-permission android:name="android.permission.FOREGROUND_SERVICE" />
14-->src/main/AndroidManifest.xml:7:5-77
14-->src/main/AndroidManifest.xml:7:22-74
15    <uses-permission android:name="android.permission.FOREGROUND_SERVICE_MEDIA_PLAYBACK" />
15-->src/main/AndroidManifest.xml:8:5-92
15-->src/main/AndroidManifest.xml:8:22-89
16    <uses-permission android:name="android.permission.POST_NOTIFICATIONS" />
16-->src/main/AndroidManifest.xml:9:5-77
16-->src/main/AndroidManifest.xml:9:22-74
17    <uses-permission android:name="android.permission.SYSTEM_ALERT_WINDOW" />
17-->src/main/AndroidManifest.xml:10:5-78
17-->src/main/AndroidManifest.xml:10:22-75
18    <uses-permission android:name="android.permission.REQUEST_INSTALL_PACKAGES" />
18-->src/main/AndroidManifest.xml:11:5-83
18-->src/main/AndroidManifest.xml:11:22-80
19    <uses-permission android:name="android.permission.ACCESS_NETWORK_STATE" />
19-->[androidx.media3:media3-common:1.5.1] AndroidManifest.xml:22:5-79
19-->[androidx.media3:media3-common:1.5.1] AndroidManifest.xml:22:22-76
20    <uses-permission android:name="com.google.android.gms.permission.AD_ID" />
20-->[com.google.android.gms:play-services-ads-lite:23.6.0] AndroidManifest.xml:26:5-79
20-->[com.google.android.gms:play-services-ads-lite:23.6.0] AndroidManifest.xml:26:22-76
21    <uses-permission android:name="android.permission.ACCESS_ADSERVICES_AD_ID" />
21-->[com.google.android.gms:play-services-ads-lite:23.6.0] AndroidManifest.xml:27:5-82
21-->[com.google.android.gms:play-services-ads-lite:23.6.0] AndroidManifest.xml:27:22-79
22    <uses-permission android:name="android.permission.ACCESS_ADSERVICES_ATTRIBUTION" />
22-->[com.google.android.gms:play-services-ads-lite:23.6.0] AndroidManifest.xml:28:5-88
22-->[com.google.android.gms:play-services-ads-lite:23.6.0] AndroidManifest.xml:28:22-85
23    <uses-permission android:name="android.permission.ACCESS_ADSERVICES_TOPICS" /> <!-- Android package visibility setting -->
23-->[com.google.android.gms:play-services-ads-lite:23.6.0] AndroidManifest.xml:29:5-83
23-->[com.google.android.gms:play-services-ads-lite:23.6.0] AndroidManifest.xml:29:22-80
24    <queries>
24-->[com.google.android.gms:play-services-ads-lite:23.6.0] AndroidManifest.xml:35:5-68:15
25
26        <!-- For browser content -->
27        <intent>
27-->[com.google.android.gms:play-services-ads-lite:23.6.0] AndroidManifest.xml:38:9-44:18
28            <action android:name="android.intent.action.VIEW" />
28-->[com.google.android.gms:play-services-ads-lite:23.6.0] AndroidManifest.xml:39:13-65
28-->[com.google.android.gms:play-services-ads-lite:23.6.0] AndroidManifest.xml:39:21-62
29
30            <category android:name="android.intent.category.BROWSABLE" />
30-->[com.google.android.gms:play-services-ads-lite:23.6.0] AndroidManifest.xml:41:13-74
30-->[com.google.android.gms:play-services-ads-lite:23.6.0] AndroidManifest.xml:41:23-71
31
32            <data android:scheme="https" />
32-->[com.google.android.gms:play-services-ads-lite:23.6.0] AndroidManifest.xml:43:13-44
32-->[com.google.android.gms:play-services-ads-lite:23.6.0] AndroidManifest.xml:43:19-41
33        </intent>
34        <!-- End of browser content -->
35        <!-- For CustomTabsService -->
36        <intent>
36-->[com.google.android.gms:play-services-ads-lite:23.6.0] AndroidManifest.xml:47:9-49:18
37            <action android:name="android.support.customtabs.action.CustomTabsService" />
37-->[com.google.android.gms:play-services-ads-lite:23.6.0] AndroidManifest.xml:48:13-90
37-->[com.google.android.gms:play-services-ads-lite:23.6.0] AndroidManifest.xml:48:21-87
38        </intent>
39        <!-- End of CustomTabsService -->
40        <!-- For MRAID capabilities -->
41        <intent>
41-->[com.google.android.gms:play-services-ads-lite:23.6.0] AndroidManifest.xml:52:9-56:18
42            <action android:name="android.intent.action.INSERT" />
42-->[com.google.android.gms:play-services-ads-lite:23.6.0] AndroidManifest.xml:53:13-67
42-->[com.google.android.gms:play-services-ads-lite:23.6.0] AndroidManifest.xml:53:21-64
43
44            <data android:mimeType="vnd.android.cursor.dir/event" />
44-->[com.google.android.gms:play-services-ads-lite:23.6.0] AndroidManifest.xml:43:13-44
45        </intent>
46        <intent>
46-->[com.google.android.gms:play-services-ads-lite:23.6.0] AndroidManifest.xml:57:9-61:18
47            <action android:name="android.intent.action.VIEW" />
47-->[com.google.android.gms:play-services-ads-lite:23.6.0] AndroidManifest.xml:39:13-65
47-->[com.google.android.gms:play-services-ads-lite:23.6.0] AndroidManifest.xml:39:21-62
48
49            <data android:scheme="sms" />
49-->[com.google.android.gms:play-services-ads-lite:23.6.0] AndroidManifest.xml:43:13-44
49-->[com.google.android.gms:play-services-ads-lite:23.6.0] AndroidManifest.xml:43:19-41
50        </intent>
51        <intent>
51-->[com.google.android.gms:play-services-ads-lite:23.6.0] AndroidManifest.xml:62:9-66:18
52            <action android:name="android.intent.action.DIAL" />
52-->[com.google.android.gms:play-services-ads-lite:23.6.0] AndroidManifest.xml:63:13-65
52-->[com.google.android.gms:play-services-ads-lite:23.6.0] AndroidManifest.xml:63:21-62
53
54            <data android:path="tel:" />
54-->[com.google.android.gms:play-services-ads-lite:23.6.0] AndroidManifest.xml:43:13-44
55        </intent>
56        <!-- End of MRAID capabilities -->
57    </queries>
58
59    <permission
59-->[androidx.core:core:1.15.0] AndroidManifest.xml:22:5-24:47
60        android:name="com.haviq.richmusic.DYNAMIC_RECEIVER_NOT_EXPORTED_PERMISSION"
60-->[androidx.core:core:1.15.0] AndroidManifest.xml:23:9-81
61        android:protectionLevel="signature" />
61-->[androidx.core:core:1.15.0] AndroidManifest.xml:24:9-44
62
63    <uses-permission android:name="com.haviq.richmusic.DYNAMIC_RECEIVER_NOT_EXPORTED_PERMISSION" />
63-->[androidx.core:core:1.15.0] AndroidManifest.xml:26:5-97
63-->[androidx.core:core:1.15.0] AndroidManifest.xml:26:22-94
64
65    <application
65-->src/main/AndroidManifest.xml:13:5-46:19
66        android:allowBackup="true"
66-->src/main/AndroidManifest.xml:14:9-35
67        android:appComponentFactory="androidx.core.app.CoreComponentFactory"
67-->[androidx.core:core:1.15.0] AndroidManifest.xml:28:18-86
68        android:extractNativeLibs="false"
69        android:icon="@mipmap/ic_launcher"
69-->src/main/AndroidManifest.xml:15:9-43
70        android:label="@string/app_name"
70-->src/main/AndroidManifest.xml:16:9-41
71        android:roundIcon="@mipmap/ic_launcher_round"
71-->src/main/AndroidManifest.xml:17:9-54
72        android:supportsRtl="true"
72-->src/main/AndroidManifest.xml:18:9-35
73        android:theme="@style/Theme.RichMusic"
73-->src/main/AndroidManifest.xml:19:9-47
74        android:usesCleartextTraffic="false" >
74-->src/main/AndroidManifest.xml:20:9-45
75
76        <!-- AdMob App ID: test ID — replace with your real unit ID before release -->
77        <meta-data
77-->src/main/AndroidManifest.xml:23:9-25:70
78            android:name="com.google.android.gms.ads.APPLICATION_ID"
78-->src/main/AndroidManifest.xml:24:13-69
79            android:value="ca-app-pub-3940256099942544~3347511713" />
79-->src/main/AndroidManifest.xml:25:13-67
80
81        <activity
81-->src/main/AndroidManifest.xml:27:9-37:20
82            android:name="com.haviq.richmusic.MainActivity"
82-->src/main/AndroidManifest.xml:28:13-41
83            android:configChanges="orientation|keyboardHidden|keyboard|screenSize|locale|smallestScreenSize|screenLayout|uiMode|navigation|density"
83-->src/main/AndroidManifest.xml:30:13-148
84            android:exported="true"
84-->src/main/AndroidManifest.xml:29:13-36
85            android:launchMode="singleTask"
85-->src/main/AndroidManifest.xml:31:13-44
86            android:theme="@style/Theme.RichMusic" >
86-->src/main/AndroidManifest.xml:32:13-51
87            <intent-filter>
87-->src/main/AndroidManifest.xml:33:13-36:29
88                <action android:name="android.intent.action.MAIN" />
88-->src/main/AndroidManifest.xml:34:17-69
88-->src/main/AndroidManifest.xml:34:25-66
89
90                <category android:name="android.intent.category.LAUNCHER" />
90-->src/main/AndroidManifest.xml:35:17-77
90-->src/main/AndroidManifest.xml:35:27-74
91            </intent-filter>
92        </activity>
93
94        <service
94-->src/main/AndroidManifest.xml:39:9-44:19
95            android:name="com.haviq.richmusic.AudioService"
95-->src/main/AndroidManifest.xml:40:13-41
96            android:exported="false"
96-->src/main/AndroidManifest.xml:41:13-37
97            android:foregroundServiceType="mediaPlayback"
97-->src/main/AndroidManifest.xml:43:13-58
98            android:stopWithTask="false" >
98-->src/main/AndroidManifest.xml:42:13-41
99        </service>
100
101        <uses-library
101-->[androidx.privacysandbox.ads:ads-adservices:1.0.0-beta05] AndroidManifest.xml:23:9-25:40
102            android:name="android.ext.adservices"
102-->[androidx.privacysandbox.ads:ads-adservices:1.0.0-beta05] AndroidManifest.xml:24:13-50
103            android:required="false" /> <!-- Include the AdActivity and InAppPurchaseActivity configChanges and themes. -->
103-->[androidx.privacysandbox.ads:ads-adservices:1.0.0-beta05] AndroidManifest.xml:25:13-37
104        <activity
104-->[com.google.android.gms:play-services-ads-lite:23.6.0] AndroidManifest.xml:73:9-78:43
105            android:name="com.google.android.gms.ads.AdActivity"
105-->[com.google.android.gms:play-services-ads-lite:23.6.0] AndroidManifest.xml:74:13-65
106            android:configChanges="keyboard|keyboardHidden|orientation|screenLayout|uiMode|screenSize|smallestScreenSize"
106-->[com.google.android.gms:play-services-ads-lite:23.6.0] AndroidManifest.xml:75:13-122
107            android:exported="false"
107-->[com.google.android.gms:play-services-ads-lite:23.6.0] AndroidManifest.xml:76:13-37
108            android:theme="@android:style/Theme.Translucent" />
108-->[com.google.android.gms:play-services-ads-lite:23.6.0] AndroidManifest.xml:77:13-61
109
110        <provider
110-->[com.google.android.gms:play-services-ads-lite:23.6.0] AndroidManifest.xml:80:9-85:43
111            android:name="com.google.android.gms.ads.MobileAdsInitProvider"
111-->[com.google.android.gms:play-services-ads-lite:23.6.0] AndroidManifest.xml:81:13-76
112            android:authorities="com.haviq.richmusic.mobileadsinitprovider"
112-->[com.google.android.gms:play-services-ads-lite:23.6.0] AndroidManifest.xml:82:13-73
113            android:exported="false"
113-->[com.google.android.gms:play-services-ads-lite:23.6.0] AndroidManifest.xml:83:13-37
114            android:initOrder="100" />
114-->[com.google.android.gms:play-services-ads-lite:23.6.0] AndroidManifest.xml:84:13-36
115
116        <service
116-->[com.google.android.gms:play-services-ads-lite:23.6.0] AndroidManifest.xml:87:9-91:43
117            android:name="com.google.android.gms.ads.AdService"
117-->[com.google.android.gms:play-services-ads-lite:23.6.0] AndroidManifest.xml:88:13-64
118            android:enabled="true"
118-->[com.google.android.gms:play-services-ads-lite:23.6.0] AndroidManifest.xml:89:13-35
119            android:exported="false" />
119-->[com.google.android.gms:play-services-ads-lite:23.6.0] AndroidManifest.xml:90:13-37
120
121        <activity
121-->[com.google.android.gms:play-services-ads-lite:23.6.0] AndroidManifest.xml:93:9-97:43
122            android:name="com.google.android.gms.ads.OutOfContextTestingActivity"
122-->[com.google.android.gms:play-services-ads-lite:23.6.0] AndroidManifest.xml:94:13-82
123            android:configChanges="keyboard|keyboardHidden|orientation|screenLayout|uiMode|screenSize|smallestScreenSize"
123-->[com.google.android.gms:play-services-ads-lite:23.6.0] AndroidManifest.xml:95:13-122
124            android:exported="false" />
124-->[com.google.android.gms:play-services-ads-lite:23.6.0] AndroidManifest.xml:96:13-37
125        <activity
125-->[com.google.android.gms:play-services-ads-lite:23.6.0] AndroidManifest.xml:98:9-105:43
126            android:name="com.google.android.gms.ads.NotificationHandlerActivity"
126-->[com.google.android.gms:play-services-ads-lite:23.6.0] AndroidManifest.xml:99:13-82
127            android:excludeFromRecents="true"
127-->[com.google.android.gms:play-services-ads-lite:23.6.0] AndroidManifest.xml:100:13-46
128            android:exported="false"
128-->[com.google.android.gms:play-services-ads-lite:23.6.0] AndroidManifest.xml:101:13-37
129            android:launchMode="singleTask"
129-->[com.google.android.gms:play-services-ads-lite:23.6.0] AndroidManifest.xml:102:13-44
130            android:taskAffinity=""
130-->[com.google.android.gms:play-services-ads-lite:23.6.0] AndroidManifest.xml:103:13-36
131            android:theme="@android:style/Theme.Translucent.NoTitleBar" />
131-->[com.google.android.gms:play-services-ads-lite:23.6.0] AndroidManifest.xml:104:13-72
132
133        <property
133-->[com.google.android.gms:play-services-ads-lite:23.6.0] AndroidManifest.xml:107:9-109:62
134            android:name="android.adservices.AD_SERVICES_CONFIG"
134-->[com.google.android.gms:play-services-ads-lite:23.6.0] AndroidManifest.xml:108:13-65
135            android:resource="@xml/gma_ad_services_config" />
135-->[com.google.android.gms:play-services-ads-lite:23.6.0] AndroidManifest.xml:109:13-59
136
137        <activity
137-->[com.google.android.gms:play-services-base:18.0.0] AndroidManifest.xml:20:9-22:45
138            android:name="com.google.android.gms.common.api.GoogleApiActivity"
138-->[com.google.android.gms:play-services-base:18.0.0] AndroidManifest.xml:20:19-85
139            android:exported="false"
139-->[com.google.android.gms:play-services-base:18.0.0] AndroidManifest.xml:22:19-43
140            android:theme="@android:style/Theme.Translucent.NoTitleBar" />
140-->[com.google.android.gms:play-services-base:18.0.0] AndroidManifest.xml:21:19-78
141
142        <meta-data
142-->[com.google.android.gms:play-services-basement:18.4.0] AndroidManifest.xml:6:9-122
143            android:name="com.google.android.gms.version"
143-->[com.google.android.gms:play-services-basement:18.4.0] AndroidManifest.xml:6:20-65
144            android:value="@integer/google_play_services_version" />
144-->[com.google.android.gms:play-services-basement:18.4.0] AndroidManifest.xml:6:66-119
145
146        <provider
146-->[androidx.emoji2:emoji2:1.3.0] AndroidManifest.xml:24:9-32:20
147            android:name="androidx.startup.InitializationProvider"
147-->[androidx.emoji2:emoji2:1.3.0] AndroidManifest.xml:25:13-67
148            android:authorities="com.haviq.richmusic.androidx-startup"
148-->[androidx.emoji2:emoji2:1.3.0] AndroidManifest.xml:26:13-68
149            android:exported="false" >
149-->[androidx.emoji2:emoji2:1.3.0] AndroidManifest.xml:27:13-37
150            <meta-data
150-->[androidx.emoji2:emoji2:1.3.0] AndroidManifest.xml:29:13-31:52
151                android:name="androidx.emoji2.text.EmojiCompatInitializer"
151-->[androidx.emoji2:emoji2:1.3.0] AndroidManifest.xml:30:17-75
152                android:value="androidx.startup" />
152-->[androidx.emoji2:emoji2:1.3.0] AndroidManifest.xml:31:17-49
153            <meta-data
153-->[androidx.work:work-runtime:2.7.0] AndroidManifest.xml:36:13-38:52
154                android:name="androidx.work.WorkManagerInitializer"
154-->[androidx.work:work-runtime:2.7.0] AndroidManifest.xml:37:17-68
155                android:value="androidx.startup" />
155-->[androidx.work:work-runtime:2.7.0] AndroidManifest.xml:38:17-49
156            <meta-data
156-->[androidx.lifecycle:lifecycle-process:2.6.2] AndroidManifest.xml:29:13-31:52
157                android:name="androidx.lifecycle.ProcessLifecycleInitializer"
157-->[androidx.lifecycle:lifecycle-process:2.6.2] AndroidManifest.xml:30:17-78
158                android:value="androidx.startup" />
158-->[androidx.lifecycle:lifecycle-process:2.6.2] AndroidManifest.xml:31:17-49
159            <meta-data
159-->[androidx.profileinstaller:profileinstaller:1.3.1] AndroidManifest.xml:29:13-31:52
160                android:name="androidx.profileinstaller.ProfileInstallerInitializer"
160-->[androidx.profileinstaller:profileinstaller:1.3.1] AndroidManifest.xml:30:17-85
161                android:value="androidx.startup" />
161-->[androidx.profileinstaller:profileinstaller:1.3.1] AndroidManifest.xml:31:17-49
162        </provider>
163
164        <service
164-->[androidx.work:work-runtime:2.7.0] AndroidManifest.xml:41:9-46:35
165            android:name="androidx.work.impl.background.systemalarm.SystemAlarmService"
165-->[androidx.work:work-runtime:2.7.0] AndroidManifest.xml:42:13-88
166            android:directBootAware="false"
166-->[androidx.work:work-runtime:2.7.0] AndroidManifest.xml:43:13-44
167            android:enabled="@bool/enable_system_alarm_service_default"
167-->[androidx.work:work-runtime:2.7.0] AndroidManifest.xml:44:13-72
168            android:exported="false" />
168-->[androidx.work:work-runtime:2.7.0] AndroidManifest.xml:45:13-37
169        <service
169-->[androidx.work:work-runtime:2.7.0] AndroidManifest.xml:47:9-53:35
170            android:name="androidx.work.impl.background.systemjob.SystemJobService"
170-->[androidx.work:work-runtime:2.7.0] AndroidManifest.xml:48:13-84
171            android:directBootAware="false"
171-->[androidx.work:work-runtime:2.7.0] AndroidManifest.xml:49:13-44
172            android:enabled="@bool/enable_system_job_service_default"
172-->[androidx.work:work-runtime:2.7.0] AndroidManifest.xml:50:13-70
173            android:exported="true"
173-->[androidx.work:work-runtime:2.7.0] AndroidManifest.xml:51:13-36
174            android:permission="android.permission.BIND_JOB_SERVICE" />
174-->[androidx.work:work-runtime:2.7.0] AndroidManifest.xml:52:13-69
175        <service
175-->[androidx.work:work-runtime:2.7.0] AndroidManifest.xml:54:9-59:35
176            android:name="androidx.work.impl.foreground.SystemForegroundService"
176-->[androidx.work:work-runtime:2.7.0] AndroidManifest.xml:55:13-81
177            android:directBootAware="false"
177-->[androidx.work:work-runtime:2.7.0] AndroidManifest.xml:56:13-44
178            android:enabled="@bool/enable_system_foreground_service_default"
178-->[androidx.work:work-runtime:2.7.0] AndroidManifest.xml:57:13-77
179            android:exported="false" />
179-->[androidx.work:work-runtime:2.7.0] AndroidManifest.xml:58:13-37
180
181        <receiver
181-->[androidx.work:work-runtime:2.7.0] AndroidManifest.xml:61:9-66:35
182            android:name="androidx.work.impl.utils.ForceStopRunnable$BroadcastReceiver"
182-->[androidx.work:work-runtime:2.7.0] AndroidManifest.xml:62:13-88
183            android:directBootAware="false"
183-->[androidx.work:work-runtime:2.7.0] AndroidManifest.xml:63:13-44
184            android:enabled="true"
184-->[androidx.work:work-runtime:2.7.0] AndroidManifest.xml:64:13-35
185            android:exported="false" />
185-->[androidx.work:work-runtime:2.7.0] AndroidManifest.xml:65:13-37
186        <receiver
186-->[androidx.work:work-runtime:2.7.0] AndroidManifest.xml:67:9-77:20
187            android:name="androidx.work.impl.background.systemalarm.ConstraintProxy$BatteryChargingProxy"
187-->[androidx.work:work-runtime:2.7.0] AndroidManifest.xml:68:13-106
188            android:directBootAware="false"
188-->[androidx.work:work-runtime:2.7.0] AndroidManifest.xml:69:13-44
189            android:enabled="false"
189-->[androidx.work:work-runtime:2.7.0] AndroidManifest.xml:70:13-36
190            android:exported="false" >
190-->[androidx.work:work-runtime:2.7.0] AndroidManifest.xml:71:13-37
191            <intent-filter>
191-->[androidx.work:work-runtime:2.7.0] AndroidManifest.xml:73:13-76:29
192                <action android:name="android.intent.action.ACTION_POWER_CONNECTED" />
192-->[androidx.work:work-runtime:2.7.0] AndroidManifest.xml:74:17-87
192-->[androidx.work:work-runtime:2.7.0] AndroidManifest.xml:74:25-84
193                <action android:name="android.intent.action.ACTION_POWER_DISCONNECTED" />
193-->[androidx.work:work-runtime:2.7.0] AndroidManifest.xml:75:17-90
193-->[androidx.work:work-runtime:2.7.0] AndroidManifest.xml:75:25-87
194            </intent-filter>
195        </receiver>
196        <receiver
196-->[androidx.work:work-runtime:2.7.0] AndroidManifest.xml:78:9-88:20
197            android:name="androidx.work.impl.background.systemalarm.ConstraintProxy$BatteryNotLowProxy"
197-->[androidx.work:work-runtime:2.7.0] AndroidManifest.xml:79:13-104
198            android:directBootAware="false"
198-->[androidx.work:work-runtime:2.7.0] AndroidManifest.xml:80:13-44
199            android:enabled="false"
199-->[androidx.work:work-runtime:2.7.0] AndroidManifest.xml:81:13-36
200            android:exported="false" >
200-->[androidx.work:work-runtime:2.7.0] AndroidManifest.xml:82:13-37
201            <intent-filter>
201-->[androidx.work:work-runtime:2.7.0] AndroidManifest.xml:84:13-87:29
202                <action android:name="android.intent.action.BATTERY_OKAY" />
202-->[androidx.work:work-runtime:2.7.0] AndroidManifest.xml:85:17-77
202-->[androidx.work:work-runtime:2.7.0] AndroidManifest.xml:85:25-74
203                <action android:name="android.intent.action.BATTERY_LOW" />
203-->[androidx.work:work-runtime:2.7.0] AndroidManifest.xml:86:17-76
203-->[androidx.work:work-runtime:2.7.0] AndroidManifest.xml:86:25-73
204            </intent-filter>
205        </receiver>
206        <receiver
206-->[androidx.work:work-runtime:2.7.0] AndroidManifest.xml:89:9-99:20
207            android:name="androidx.work.impl.background.systemalarm.ConstraintProxy$StorageNotLowProxy"
207-->[androidx.work:work-runtime:2.7.0] AndroidManifest.xml:90:13-104
208            android:directBootAware="false"
208-->[androidx.work:work-runtime:2.7.0] AndroidManifest.xml:91:13-44
209            android:enabled="false"
209-->[androidx.work:work-runtime:2.7.0] AndroidManifest.xml:92:13-36
210            android:exported="false" >
210-->[androidx.work:work-runtime:2.7.0] AndroidManifest.xml:93:13-37
211            <intent-filter>
211-->[androidx.work:work-runtime:2.7.0] AndroidManifest.xml:95:13-98:29
212                <action android:name="android.intent.action.DEVICE_STORAGE_LOW" />
212-->[androidx.work:work-runtime:2.7.0] AndroidManifest.xml:96:17-83
212-->[androidx.work:work-runtime:2.7.0] AndroidManifest.xml:96:25-80
213                <action android:name="android.intent.action.DEVICE_STORAGE_OK" />
213-->[androidx.work:work-runtime:2.7.0] AndroidManifest.xml:97:17-82
213-->[androidx.work:work-runtime:2.7.0] AndroidManifest.xml:97:25-79
214            </intent-filter>
215        </receiver>
216        <receiver
216-->[androidx.work:work-runtime:2.7.0] AndroidManifest.xml:100:9-109:20
217            android:name="androidx.work.impl.background.systemalarm.ConstraintProxy$NetworkStateProxy"
217-->[androidx.work:work-runtime:2.7.0] AndroidManifest.xml:101:13-103
218            android:directBootAware="false"
218-->[androidx.work:work-runtime:2.7.0] AndroidManifest.xml:102:13-44
219            android:enabled="false"
219-->[androidx.work:work-runtime:2.7.0] AndroidManifest.xml:103:13-36
220            android:exported="false" >
220-->[androidx.work:work-runtime:2.7.0] AndroidManifest.xml:104:13-37
221            <intent-filter>
221-->[androidx.work:work-runtime:2.7.0] AndroidManifest.xml:106:13-108:29
222                <action android:name="android.net.conn.CONNECTIVITY_CHANGE" />
222-->[androidx.work:work-runtime:2.7.0] AndroidManifest.xml:107:17-79
222-->[androidx.work:work-runtime:2.7.0] AndroidManifest.xml:107:25-76
223            </intent-filter>
224        </receiver>
225        <receiver
225-->[androidx.work:work-runtime:2.7.0] AndroidManifest.xml:110:9-121:20
226            android:name="androidx.work.impl.background.systemalarm.RescheduleReceiver"
226-->[androidx.work:work-runtime:2.7.0] AndroidManifest.xml:111:13-88
227            android:directBootAware="false"
227-->[androidx.work:work-runtime:2.7.0] AndroidManifest.xml:112:13-44
228            android:enabled="false"
228-->[androidx.work:work-runtime:2.7.0] AndroidManifest.xml:113:13-36
229            android:exported="false" >
229-->[androidx.work:work-runtime:2.7.0] AndroidManifest.xml:114:13-37
230            <intent-filter>
230-->[androidx.work:work-runtime:2.7.0] AndroidManifest.xml:116:13-120:29
231                <action android:name="android.intent.action.BOOT_COMPLETED" />
231-->[androidx.work:work-runtime:2.7.0] AndroidManifest.xml:117:17-79
231-->[androidx.work:work-runtime:2.7.0] AndroidManifest.xml:117:25-76
232                <action android:name="android.intent.action.TIME_SET" />
232-->[androidx.work:work-runtime:2.7.0] AndroidManifest.xml:118:17-73
232-->[androidx.work:work-runtime:2.7.0] AndroidManifest.xml:118:25-70
233                <action android:name="android.intent.action.TIMEZONE_CHANGED" />
233-->[androidx.work:work-runtime:2.7.0] AndroidManifest.xml:119:17-81
233-->[androidx.work:work-runtime:2.7.0] AndroidManifest.xml:119:25-78
234            </intent-filter>
235        </receiver>
236        <receiver
236-->[androidx.work:work-runtime:2.7.0] AndroidManifest.xml:122:9-131:20
237            android:name="androidx.work.impl.background.systemalarm.ConstraintProxyUpdateReceiver"
237-->[androidx.work:work-runtime:2.7.0] AndroidManifest.xml:123:13-99
238            android:directBootAware="false"
238-->[androidx.work:work-runtime:2.7.0] AndroidManifest.xml:124:13-44
239            android:enabled="@bool/enable_system_alarm_service_default"
239-->[androidx.work:work-runtime:2.7.0] AndroidManifest.xml:125:13-72
240            android:exported="false" >
240-->[androidx.work:work-runtime:2.7.0] AndroidManifest.xml:126:13-37
241            <intent-filter>
241-->[androidx.work:work-runtime:2.7.0] AndroidManifest.xml:128:13-130:29
242                <action android:name="androidx.work.impl.background.systemalarm.UpdateProxies" />
242-->[androidx.work:work-runtime:2.7.0] AndroidManifest.xml:129:17-98
242-->[androidx.work:work-runtime:2.7.0] AndroidManifest.xml:129:25-95
243            </intent-filter>
244        </receiver>
245        <receiver
245-->[androidx.work:work-runtime:2.7.0] AndroidManifest.xml:132:9-142:20
246            android:name="androidx.work.impl.diagnostics.DiagnosticsReceiver"
246-->[androidx.work:work-runtime:2.7.0] AndroidManifest.xml:133:13-78
247            android:directBootAware="false"
247-->[androidx.work:work-runtime:2.7.0] AndroidManifest.xml:134:13-44
248            android:enabled="true"
248-->[androidx.work:work-runtime:2.7.0] AndroidManifest.xml:135:13-35
249            android:exported="true"
249-->[androidx.work:work-runtime:2.7.0] AndroidManifest.xml:136:13-36
250            android:permission="android.permission.DUMP" >
250-->[androidx.work:work-runtime:2.7.0] AndroidManifest.xml:137:13-57
251            <intent-filter>
251-->[androidx.work:work-runtime:2.7.0] AndroidManifest.xml:139:13-141:29
252                <action android:name="androidx.work.diagnostics.REQUEST_DIAGNOSTICS" />
252-->[androidx.work:work-runtime:2.7.0] AndroidManifest.xml:140:17-88
252-->[androidx.work:work-runtime:2.7.0] AndroidManifest.xml:140:25-85
253            </intent-filter>
254        </receiver>
255        <receiver
255-->[androidx.profileinstaller:profileinstaller:1.3.1] AndroidManifest.xml:34:9-52:20
256            android:name="androidx.profileinstaller.ProfileInstallReceiver"
256-->[androidx.profileinstaller:profileinstaller:1.3.1] AndroidManifest.xml:35:13-76
257            android:directBootAware="false"
257-->[androidx.profileinstaller:profileinstaller:1.3.1] AndroidManifest.xml:36:13-44
258            android:enabled="true"
258-->[androidx.profileinstaller:profileinstaller:1.3.1] AndroidManifest.xml:37:13-35
259            android:exported="true"
259-->[androidx.profileinstaller:profileinstaller:1.3.1] AndroidManifest.xml:38:13-36
260            android:permission="android.permission.DUMP" >
260-->[androidx.profileinstaller:profileinstaller:1.3.1] AndroidManifest.xml:39:13-57
261            <intent-filter>
261-->[androidx.profileinstaller:profileinstaller:1.3.1] AndroidManifest.xml:40:13-42:29
262                <action android:name="androidx.profileinstaller.action.INSTALL_PROFILE" />
262-->[androidx.profileinstaller:profileinstaller:1.3.1] AndroidManifest.xml:41:17-91
262-->[androidx.profileinstaller:profileinstaller:1.3.1] AndroidManifest.xml:41:25-88
263            </intent-filter>
264            <intent-filter>
264-->[androidx.profileinstaller:profileinstaller:1.3.1] AndroidManifest.xml:43:13-45:29
265                <action android:name="androidx.profileinstaller.action.SKIP_FILE" />
265-->[androidx.profileinstaller:profileinstaller:1.3.1] AndroidManifest.xml:44:17-85
265-->[androidx.profileinstaller:profileinstaller:1.3.1] AndroidManifest.xml:44:25-82
266            </intent-filter>
267            <intent-filter>
267-->[androidx.profileinstaller:profileinstaller:1.3.1] AndroidManifest.xml:46:13-48:29
268                <action android:name="androidx.profileinstaller.action.SAVE_PROFILE" />